#
# There is insufficient memory for the Java Runtime Environment to continue.
# Native memory allocation (malloc) failed to allocate 667408 bytes for Chunk::new
# Possible reasons:
#   The system is out of physical RAM or swap space
#   The process is running with CompressedOops enabled, and the Java Heap may be blocking the growth of the native heap
# Possible solutions:
#   Reduce memory load on the system
#   Increase physical memory or swap space
#   Check if swap backing store is full
#   Decrease Java heap size (-Xmx/-Xms)
#   Decrease number of Java threads
#   Decrease Java thread stack sizes (-Xss)
#   Set larger code cache with -XX:ReservedCodeCacheSize=
#   JVM is running with Unscaled Compressed Oops mode in which the Java heap is
#     placed in the first 4GB address space. The Java Heap base address is the
#     maximum limit for the native heap growth. Please use -XX:HeapBaseMinAddress
#     to set the Java Heap base and to place the Java Heap above 4GB virtual address.
# This output file may be truncated or incomplete.
#
#  Out of Memory Error (arena.cpp:189), pid=21028, tid=15704
#
# JRE version: Java(TM) SE Runtime Environment (17.0.10+11) (build 17.0.10+11-LTS-240)
# Java VM: Java HotSpot(TM) 64-Bit Server VM (17.0.10+11-LTS-240, mixed mode, sharing, tiered, compressed oops, compressed class ptrs, g1 gc, windows-amd64)
# No core dump will be written. Minidumps are not enabled by default on client versions of Windows
#

---------------  S U M M A R Y ------------

Command Line: -Dorg.gradle.internal.worker.tmpdir=D:\retail-management-system\config-service\build\tmp\test\work -Xmx512m -Dfile.encoding=windows-1252 -Duser.country=US -Duser.language=en -Duser.variant -ea worker.org.gradle.process.internal.worker.GradleWorkerMain 'Gradle Test Executor 1'

Host: Intel(R) Core(TM) i3-7100U CPU @ 2.40GHz, 4 cores, 3G,  Windows 10 , 64 bit Build 19041 (10.0.19041.5198)
Time: Thu Feb 27 23:28:17 2025 India Standard Time elapsed time: 3.949305 seconds (0d 0h 0m 3s)

---------------  T H R E A D  ---------------

Current thread (0x0000013f63376640):  JavaThread "C2 CompilerThread0" daemon [_thread_in_native, id=15704, stack(0x0000003308900000,0x0000003308a00000)]


Current CompileTask:
C2:   3949 1863       4       java.net.URLStreamHandler::parseURL (1201 bytes)

Stack: [0x0000003308900000,0x0000003308a00000]
Native frames: (J=compiled Java code, j=interpreted, Vv=VM code, C=native code)
V  [jvm.dll+0x677a5a]
V  [jvm.dll+0x7d8b2d]
V  [jvm.dll+0x7da48e]
V  [jvm.dll+0x7daaf3]
V  [jvm.dll+0x2455ff]
V  [jvm.dll+0xaaafb]
V  [jvm.dll+0xab09c]
V  [jvm.dll+0x361bae]
V  [jvm.dll+0x1bb1da]
V  [jvm.dll+0x217aa7]
V  [jvm.dll+0x216d81]
V  [jvm.dll+0x1a3410]
V  [jvm.dll+0x226aeb]
V  [jvm.dll+0x224cab]
V  [jvm.dll+0x78e45c]
V  [jvm.dll+0x78888a]
V  [jvm.dll+0x676935]
C  [ucrtbase.dll+0x21bb2]
C  [KERNEL32.DLL+0x17374]
C  [ntdll.dll+0x4cc91]


---------------  P R O C E S S  ---------------

Threads class SMR info:
_java_thread_list=0x0000013f7dea0820, length=15, elements={
0x0000013f611de470, 0x0000013f633596f0, 0x0000013f6335c6c0, 0x0000013f63370a90,
0x0000013f633745d0, 0x0000013f63374f90, 0x0000013f63375950, 0x0000013f63376640,
0x0000013f63379100, 0x0000013f6337dff0, 0x0000013f7d4f85e0, 0x0000013f7d527970,
0x0000013f7dde2600, 0x0000013f7e09eaa0, 0x0000013f7dda54b0
}

Java Threads: ( => current thread )
  0x0000013f611de470 JavaThread "Test worker" [_thread_in_Java, id=21632, stack(0x0000003307c00000,0x0000003307d00000)]
  0x0000013f633596f0 JavaThread "Reference Handler" daemon [_thread_blocked, id=21704, stack(0x0000003308300000,0x0000003308400000)]
  0x0000013f6335c6c0 JavaThread "Finalizer" daemon [_thread_blocked, id=21732, stack(0x0000003308400000,0x0000003308500000)]
  0x0000013f63370a90 JavaThread "Signal Dispatcher" daemon [_thread_blocked, id=21708, stack(0x0000003308500000,0x0000003308600000)]
  0x0000013f633745d0 JavaThread "Attach Listener" daemon [_thread_blocked, id=21700, stack(0x0000003308600000,0x0000003308700000)]
  0x0000013f63374f90 JavaThread "Service Thread" daemon [_thread_blocked, id=1936, stack(0x0000003308700000,0x0000003308800000)]
  0x0000013f63375950 JavaThread "Monitor Deflation Thread" daemon [_thread_blocked, id=16988, stack(0x0000003308800000,0x0000003308900000)]
=>0x0000013f63376640 JavaThread "C2 CompilerThread0" daemon [_thread_in_native, id=15704, stack(0x0000003308900000,0x0000003308a00000)]
  0x0000013f63379100 JavaThread "C1 CompilerThread0" daemon [_thread_blocked, id=8540, stack(0x0000003308a00000,0x0000003308b00000)]
  0x0000013f6337dff0 JavaThread "Sweeper thread" daemon [_thread_blocked, id=14688, stack(0x0000003308b00000,0x0000003308c00000)]
  0x0000013f7d4f85e0 JavaThread "Notification Thread" daemon [_thread_blocked, id=21252, stack(0x0000003308c00000,0x0000003308d00000)]
  0x0000013f7d527970 JavaThread "Common-Cleaner" daemon [_thread_blocked, id=12180, stack(0x0000003308e00000,0x0000003308f00000)]
  0x0000013f7dde2600 JavaThread "/127.0.0.1:51205 to /127.0.0.1:51126 workers" [_thread_blocked, id=21924, stack(0x0000003309400000,0x0000003309500000)]
  0x0000013f7e09eaa0 JavaThread "/127.0.0.1:51205 to /127.0.0.1:51126 workers Thread 2" [_thread_blocked, id=21908, stack(0x0000003309500000,0x0000003309600000)]
  0x0000013f7dda54b0 JavaThread "/127.0.0.1:51205 to /127.0.0.1:51126 workers Thread 3" [_thread_in_native, id=20396, stack(0x0000003309600000,0x0000003309700000)]

Other Threads:
  0x0000013f63352210 VMThread "VM Thread" [stack: 0x0000003308200000,0x0000003308300000] [id=21712]
  0x0000013f7d518ad0 WatcherThread [stack: 0x0000003308d00000,0x0000003308e00000] [id=21420]
  0x0000013f632de650 GCTaskThread "GC Thread#0" [stack: 0x0000003307d00000,0x0000003307e00000] [id=20528]
  0x0000013f7dcfcb80 GCTaskThread "GC Thread#1" [stack: 0x0000003308f00000,0x0000003309000000] [id=14868]
  0x0000013f7dd38ff0 GCTaskThread "GC Thread#2" [stack: 0x0000003309000000,0x0000003309100000] [id=16860]
  0x0000013f7dd392b0 GCTaskThread "GC Thread#3" [stack: 0x0000003309100000,0x0000003309200000] [id=17484]
  0x0000013f632e45b0 ConcurrentGCThread "G1 Main Marker" [stack: 0x0000003307e00000,0x0000003307f00000] [id=16732]
  0x0000013f632e5760 ConcurrentGCThread "G1 Conc#0" [stack: 0x0000003307f00000,0x0000003308000000] [id=21468]
  0x0000013f63333980 ConcurrentGCThread "G1 Refine#0" [stack: 0x0000003308000000,0x0000003308100000] [id=21648]
  0x0000013f7dcfce40 ConcurrentGCThread "G1 Refine#1" [stack: 0x0000003309200000,0x0000003309300000] [id=20628]
  0x0000013f633343b0 ConcurrentGCThread "G1 Service" [stack: 0x0000003308100000,0x0000003308200000] [id=21716]

Threads with active compile tasks:
C2 CompilerThread0     4027 1863       4       java.net.URLStreamHandler::parseURL (1201 bytes)

VM state: not at safepoint (normal execution)

VM Mutex/Monitor currently owned by a thread: None

Heap address: 0x00000000e0000000, size: 512 MB, Compressed Oops mode: 32-bit

CDS archive(s) mapped at: [0x0000013f00000000-0x0000013f00bd0000-0x0000013f00bd0000), size 12386304, SharedBaseAddress: 0x0000013f00000000, ArchiveRelocationMode: 1.
Compressed class space mapped at: 0x0000013f01000000-0x0000013f41000000, reserved size: 1073741824
Narrow klass base: 0x0000013f00000000, Narrow klass shift: 0, Narrow klass range: 0x100000000

GC Precious Log:
 CPUs: 4 total, 4 available
 Memory: 4007M
 Large Page Support: Disabled
 NUMA Support: Disabled
 Compressed Oops: Enabled (32-bit)
 Heap Region Size: 1M
 Heap Min Capacity: 8M
 Heap Initial Capacity: 64M
 Heap Max Capacity: 512M
 Pre-touch: Disabled
 Parallel Workers: 4
 Concurrent Workers: 1
 Concurrent Refinement Workers: 4
 Periodic GC: Disabled

Heap:
 garbage-first heap   total 65536K, used 24495K [0x00000000e0000000, 0x0000000100000000)
  region size 1024K, 16 young (16384K), 2 survivors (2048K)
 Metaspace       used 13327K, committed 13632K, reserved 1114112K
  class space    used 1769K, committed 1920K, reserved 1048576K

Heap Regions: E=young(eden), S=young(survivor), O=old, HS=humongous(starts), HC=humongous(continues), CS=collection set, F=free, OA=open archive, CA=closed archive, TAMS=top-at-mark-start (previous, next)
|   0|0x00000000e0000000, 0x00000000e0100000, 0x00000000e0100000|100%|HS|  |TAMS 0x00000000e0000000, 0x00000000e0000000| Complete 
|   1|0x00000000e0100000, 0x00000000e0200000, 0x00000000e0200000|100%| O|  |TAMS 0x00000000e0100000, 0x00000000e0100000| Untracked 
|   2|0x00000000e0200000, 0x00000000e0300000, 0x00000000e0300000|100%|HS|  |TAMS 0x00000000e0200000, 0x00000000e0200000| Complete 
|   3|0x00000000e0300000, 0x00000000e0400000, 0x00000000e0400000|100%| O|  |TAMS 0x00000000e0300000, 0x00000000e0300000| Untracked 
|   4|0x00000000e0400000, 0x00000000e0500000, 0x00000000e0500000|100%| O|  |TAMS 0x00000000e0400000, 0x00000000e0400000| Untracked 
|   5|0x00000000e0500000, 0x00000000e0600000, 0x00000000e0600000|100%| O|  |TAMS 0x00000000e0500000, 0x00000000e0500000| Untracked 
|   6|0x00000000e0600000, 0x00000000e0700000, 0x00000000e0700000|100%| O|  |TAMS 0x00000000e0600000, 0x00000000e0600000| Untracked 
|   7|0x00000000e0700000, 0x00000000e0800000, 0x00000000e0800000|100%| O|  |TAMS 0x00000000e0700000, 0x00000000e0700000| Untracked 
|   8|0x00000000e0800000, 0x00000000e0900000, 0x00000000e0900000|100%| O|  |TAMS 0x00000000e0800000, 0x00000000e0800000| Untracked 
|   9|0x00000000e0900000, 0x00000000e0986800, 0x00000000e0a00000| 52%| O|  |TAMS 0x00000000e0900000, 0x00000000e0900000| Untracked 
|  10|0x00000000e0a00000, 0x00000000e0a00000, 0x00000000e0b00000|  0%| F|  |TAMS 0x00000000e0a00000, 0x00000000e0a00000| Untracked 
|  11|0x00000000e0b00000, 0x00000000e0b00000, 0x00000000e0c00000|  0%| F|  |TAMS 0x00000000e0b00000, 0x00000000e0b00000| Untracked 
|  12|0x00000000e0c00000, 0x00000000e0c00000, 0x00000000e0d00000|  0%| F|  |TAMS 0x00000000e0c00000, 0x00000000e0c00000| Untracked 
|  13|0x00000000e0d00000, 0x00000000e0d00000, 0x00000000e0e00000|  0%| F|  |TAMS 0x00000000e0d00000, 0x00000000e0d00000| Untracked 
|  14|0x00000000e0e00000, 0x00000000e0e00000, 0x00000000e0f00000|  0%| F|  |TAMS 0x00000000e0e00000, 0x00000000e0e00000| Untracked 
|  15|0x00000000e0f00000, 0x00000000e0f00000, 0x00000000e1000000|  0%| F|  |TAMS 0x00000000e0f00000, 0x00000000e0f00000| Untracked 
|  16|0x00000000e1000000, 0x00000000e1000000, 0x00000000e1100000|  0%| F|  |TAMS 0x00000000e1000000, 0x00000000e1000000| Untracked 
|  17|0x00000000e1100000, 0x00000000e1100000, 0x00000000e1200000|  0%| F|  |TAMS 0x00000000e1100000, 0x00000000e1100000| Untracked 
|  18|0x00000000e1200000, 0x00000000e1200000, 0x00000000e1300000|  0%| F|  |TAMS 0x00000000e1200000, 0x00000000e1200000| Untracked 
|  19|0x00000000e1300000, 0x00000000e1300000, 0x00000000e1400000|  0%| F|  |TAMS 0x00000000e1300000, 0x00000000e1300000| Untracked 
|  20|0x00000000e1400000, 0x00000000e1400000, 0x00000000e1500000|  0%| F|  |TAMS 0x00000000e1400000, 0x00000000e1400000| Untracked 
|  21|0x00000000e1500000, 0x00000000e1500000, 0x00000000e1600000|  0%| F|  |TAMS 0x00000000e1500000, 0x00000000e1500000| Untracked 
|  22|0x00000000e1600000, 0x00000000e1600000, 0x00000000e1700000|  0%| F|  |TAMS 0x00000000e1600000, 0x00000000e1600000| Untracked 
|  23|0x00000000e1700000, 0x00000000e1700000, 0x00000000e1800000|  0%| F|  |TAMS 0x00000000e1700000, 0x00000000e1700000| Untracked 
|  24|0x00000000e1800000, 0x00000000e1800000, 0x00000000e1900000|  0%| F|  |TAMS 0x00000000e1800000, 0x00000000e1800000| Untracked 
|  25|0x00000000e1900000, 0x00000000e1900000, 0x00000000e1a00000|  0%| F|  |TAMS 0x00000000e1900000, 0x00000000e1900000| Untracked 
|  26|0x00000000e1a00000, 0x00000000e1a00000, 0x00000000e1b00000|  0%| F|  |TAMS 0x00000000e1a00000, 0x00000000e1a00000| Untracked 
|  27|0x00000000e1b00000, 0x00000000e1b00000, 0x00000000e1c00000|  0%| F|  |TAMS 0x00000000e1b00000, 0x00000000e1b00000| Untracked 
|  28|0x00000000e1c00000, 0x00000000e1c00000, 0x00000000e1d00000|  0%| F|  |TAMS 0x00000000e1c00000, 0x00000000e1c00000| Untracked 
|  29|0x00000000e1d00000, 0x00000000e1d00000, 0x00000000e1e00000|  0%| F|  |TAMS 0x00000000e1d00000, 0x00000000e1d00000| Untracked 
|  30|0x00000000e1e00000, 0x00000000e1e00000, 0x00000000e1f00000|  0%| F|  |TAMS 0x00000000e1e00000, 0x00000000e1e00000| Untracked 
|  31|0x00000000e1f00000, 0x00000000e1f00000, 0x00000000e2000000|  0%| F|  |TAMS 0x00000000e1f00000, 0x00000000e1f00000| Untracked 
|  32|0x00000000e2000000, 0x00000000e2000000, 0x00000000e2100000|  0%| F|  |TAMS 0x00000000e2000000, 0x00000000e2000000| Untracked 
|  33|0x00000000e2100000, 0x00000000e2100000, 0x00000000e2200000|  0%| F|  |TAMS 0x00000000e2100000, 0x00000000e2100000| Untracked 
|  34|0x00000000e2200000, 0x00000000e2200000, 0x00000000e2300000|  0%| F|  |TAMS 0x00000000e2200000, 0x00000000e2200000| Untracked 
|  35|0x00000000e2300000, 0x00000000e2300000, 0x00000000e2400000|  0%| F|  |TAMS 0x00000000e2300000, 0x00000000e2300000| Untracked 
|  36|0x00000000e2400000, 0x00000000e2400000, 0x00000000e2500000|  0%| F|  |TAMS 0x00000000e2400000, 0x00000000e2400000| Untracked 
|  37|0x00000000e2500000, 0x00000000e2500000, 0x00000000e2600000|  0%| F|  |TAMS 0x00000000e2500000, 0x00000000e2500000| Untracked 
|  38|0x00000000e2600000, 0x00000000e2600000, 0x00000000e2700000|  0%| F|  |TAMS 0x00000000e2600000, 0x00000000e2600000| Untracked 
|  39|0x00000000e2700000, 0x00000000e2700000, 0x00000000e2800000|  0%| F|  |TAMS 0x00000000e2700000, 0x00000000e2700000| Untracked 
|  40|0x00000000e2800000, 0x00000000e2800000, 0x00000000e2900000|  0%| F|  |TAMS 0x00000000e2800000, 0x00000000e2800000| Untracked 
|  41|0x00000000e2900000, 0x00000000e2900000, 0x00000000e2a00000|  0%| F|  |TAMS 0x00000000e2900000, 0x00000000e2900000| Untracked 
|  42|0x00000000e2a00000, 0x00000000e2a65630, 0x00000000e2b00000| 39%| S|CS|TAMS 0x00000000e2a00000, 0x00000000e2a00000| Complete 
|  43|0x00000000e2b00000, 0x00000000e2c00000, 0x00000000e2c00000|100%| S|CS|TAMS 0x00000000e2b00000, 0x00000000e2b00000| Complete 
|  44|0x00000000e2c00000, 0x00000000e2c00000, 0x00000000e2d00000|  0%| F|  |TAMS 0x00000000e2c00000, 0x00000000e2c00000| Untracked 
|  45|0x00000000e2d00000, 0x00000000e2d00000, 0x00000000e2e00000|  0%| F|  |TAMS 0x00000000e2d00000, 0x00000000e2d00000| Untracked 
|  46|0x00000000e2e00000, 0x00000000e2e00000, 0x00000000e2f00000|  0%| F|  |TAMS 0x00000000e2e00000, 0x00000000e2e00000| Untracked 
|  47|0x00000000e2f00000, 0x00000000e2f00000, 0x00000000e3000000|  0%| F|  |TAMS 0x00000000e2f00000, 0x00000000e2f00000| Untracked 
|  48|0x00000000e3000000, 0x00000000e3000000, 0x00000000e3100000|  0%| F|  |TAMS 0x00000000e3000000, 0x00000000e3000000| Untracked 
|  49|0x00000000e3100000, 0x00000000e3100000, 0x00000000e3200000|  0%| F|  |TAMS 0x00000000e3100000, 0x00000000e3100000| Untracked 
|  50|0x00000000e3200000, 0x00000000e3280800, 0x00000000e3300000| 50%| E|  |TAMS 0x00000000e3200000, 0x00000000e3200000| Complete 
|  51|0x00000000e3300000, 0x00000000e3400000, 0x00000000e3400000|100%| E|CS|TAMS 0x00000000e3300000, 0x00000000e3300000| Complete 
|  52|0x00000000e3400000, 0x00000000e3500000, 0x00000000e3500000|100%| E|CS|TAMS 0x00000000e3400000, 0x00000000e3400000| Complete 
|  53|0x00000000e3500000, 0x00000000e3600000, 0x00000000e3600000|100%| E|CS|TAMS 0x00000000e3500000, 0x00000000e3500000| Complete 
|  54|0x00000000e3600000, 0x00000000e3700000, 0x00000000e3700000|100%| E|CS|TAMS 0x00000000e3600000, 0x00000000e3600000| Complete 
|  55|0x00000000e3700000, 0x00000000e3800000, 0x00000000e3800000|100%| E|CS|TAMS 0x00000000e3700000, 0x00000000e3700000| Complete 
|  56|0x00000000e3800000, 0x00000000e3900000, 0x00000000e3900000|100%| E|CS|TAMS 0x00000000e3800000, 0x00000000e3800000| Complete 
|  57|0x00000000e3900000, 0x00000000e3a00000, 0x00000000e3a00000|100%| E|CS|TAMS 0x00000000e3900000, 0x00000000e3900000| Complete 
|  58|0x00000000e3a00000, 0x00000000e3b00000, 0x00000000e3b00000|100%| E|CS|TAMS 0x00000000e3a00000, 0x00000000e3a00000| Complete 
|  59|0x00000000e3b00000, 0x00000000e3c00000, 0x00000000e3c00000|100%| E|CS|TAMS 0x00000000e3b00000, 0x00000000e3b00000| Complete 
|  60|0x00000000e3c00000, 0x00000000e3d00000, 0x00000000e3d00000|100%| E|CS|TAMS 0x00000000e3c00000, 0x00000000e3c00000| Complete 
|  61|0x00000000e3d00000, 0x00000000e3e00000, 0x00000000e3e00000|100%| E|CS|TAMS 0x00000000e3d00000, 0x00000000e3d00000| Complete 
|  62|0x00000000e3e00000, 0x00000000e3f00000, 0x00000000e3f00000|100%| E|CS|TAMS 0x00000000e3e00000, 0x00000000e3e00000| Complete 
|  63|0x00000000e3f00000, 0x00000000e4000000, 0x00000000e4000000|100%| E|CS|TAMS 0x00000000e3f00000, 0x00000000e3f00000| Complete 

Card table byte_map: [0x0000013f79b60000,0x0000013f79c60000] _byte_map_base: 0x0000013f79460000

Marking Bits (Prev, Next): (CMBitMap*) 0x0000013f632dfc80, (CMBitMap*) 0x0000013f632dfcc0
 Prev Bits: [0x0000013f79d60000, 0x0000013f7a560000)
 Next Bits: [0x0000013f7a560000, 0x0000013f7ad60000)

Polling page: 0x0000013f61450000

Metaspace:

Usage:
  Non-class:     11.29 MB used.
      Class:      1.73 MB used.
       Both:     13.02 MB used.

Virtual space:
  Non-class space:       64.00 MB reserved,      11.44 MB ( 18%) committed,  1 nodes.
      Class space:        1.00 GB reserved,       1.88 MB ( <1%) committed,  1 nodes.
             Both:        1.06 GB reserved,      13.31 MB (  1%) committed. 

Chunk freelists:
   Non-Class:  4.20 MB
       Class:  14.15 MB
        Both:  18.36 MB

MaxMetaspaceSize: unlimited
CompressedClassSpaceSize: 1.00 GB
Initial GC threshold: 21.00 MB
Current GC threshold: 21.00 MB
CDS: on
MetaspaceReclaimPolicy: balanced
 - commit_granule_bytes: 65536.
 - commit_granule_words: 8192.
 - virtual_space_node_default_size: 8388608.
 - enlarge_chunks_in_place: 1.
 - new_chunks_are_fully_committed: 0.
 - uncommit_free_chunks: 1.
 - use_allocation_guard: 0.
 - handle_deallocations: 1.


Internal statistics:

num_allocs_failed_limit: 0.
num_arena_births: 228.
num_arena_deaths: 0.
num_vsnodes_births: 2.
num_vsnodes_deaths: 0.
num_space_committed: 213.
num_space_uncommitted: 0.
num_chunks_returned_to_freelist: 0.
num_chunks_taken_from_freelist: 684.
num_chunk_merges: 0.
num_chunk_splits: 411.
num_chunks_enlarged: 284.
num_inconsistent_stats: 0.

CodeHeap 'non-profiled nmethods': size=120000Kb used=652Kb max_used=652Kb free=119347Kb
 bounds [0x0000013f72630000, 0x0000013f728a0000, 0x0000013f79b60000]
CodeHeap 'profiled nmethods': size=120000Kb used=3700Kb max_used=3700Kb free=116299Kb
 bounds [0x0000013f6ab60000, 0x0000013f6af00000, 0x0000013f72090000]
CodeHeap 'non-nmethods': size=5760Kb used=1192Kb max_used=1227Kb free=4568Kb
 bounds [0x0000013f72090000, 0x0000013f72300000, 0x0000013f72630000]
 total_blobs=2391 nmethods=1896 adapters=407
 compilation: enabled
              stopped_count=0, restarted_count=0
 full_count=0

Compilation events (20 events):
Event: 3.877 Thread 0x0000013f63379100 1871       3       org.springframework.util.ConcurrentReferenceHashMap$Task::hasOption (9 bytes)
Event: 3.877 Thread 0x0000013f63379100 nmethod 1871 0x0000013f6aedc910 code [0x0000013f6aedcac0, 0x0000013f6aedcc28]
Event: 3.881 Thread 0x0000013f63379100 1872       3       java.util.ArrayList::toArray (57 bytes)
Event: 3.881 Thread 0x0000013f63379100 nmethod 1872 0x0000013f6aedcd10 code [0x0000013f6aedcee0, 0x0000013f6aedd458]
Event: 3.882 Thread 0x0000013f63379100 1873   !   3       org.springframework.util.ConcurrentReferenceHashMap$Segment::clear (69 bytes)
Event: 3.883 Thread 0x0000013f63379100 nmethod 1873 0x0000013f6aedd590 code [0x0000013f6aedd7e0, 0x0000013f6aede338]
Event: 3.931 Thread 0x0000013f63379100 1877       3       java.lang.NamedPackage::<init> (59 bytes)
Event: 3.932 Thread 0x0000013f63379100 nmethod 1877 0x0000013f6aede710 code [0x0000013f6aede9a0, 0x0000013f6aedf498]
Event: 3.933 Thread 0x0000013f63379100 1878       1       org.springframework.core.ResolvableType::resolve (5 bytes)
Event: 3.934 Thread 0x0000013f63379100 nmethod 1878 0x0000013f726d2290 code [0x0000013f726d2420, 0x0000013f726d24f8]
Event: 3.939 Thread 0x0000013f63379100 1879   !   3       sun.reflect.generics.factory.CoreReflectionFactory::makeNamedType (21 bytes)
Event: 3.939 Thread 0x0000013f63379100 nmethod 1879 0x0000013f6aedf890 code [0x0000013f6aedfa40, 0x0000013f6aedfc88]
Event: 3.939 Thread 0x0000013f63379100 1880       3       sun.reflect.generics.factory.CoreReflectionFactory::getDeclsLoader (85 bytes)
Event: 3.942 Thread 0x0000013f63379100 nmethod 1880 0x0000013f6aedfe10 code [0x0000013f6aee01e0, 0x0000013f6aee2378]
Event: 3.942 Thread 0x0000013f63379100 1881       3       sun.reflect.generics.visitor.Reifier::visitClassTypeSignature (381 bytes)
Event: 3.944 Thread 0x0000013f63379100 nmethod 1881 0x0000013f6aee2b90 code [0x0000013f6aee2fa0, 0x0000013f6aee4b88]
Event: 3.944 Thread 0x0000013f63379100 1883       3       java.util.EnumSet::typeCheck (59 bytes)
Event: 3.945 Thread 0x0000013f63379100 nmethod 1883 0x0000013f6aee5510 code [0x0000013f6aee57c0, 0x0000013f6aee62b8]
Event: 3.945 Thread 0x0000013f63379100 1884       3       java.util.RegularEnumSet::add (40 bytes)
Event: 3.945 Thread 0x0000013f63379100 nmethod 1884 0x0000013f6aee6690 code [0x0000013f6aee6840, 0x0000013f6aee6a28]

GC Heap History (6 events):
Event: 1.466 GC heap before
{Heap before GC invocations=0 (full 0):
 garbage-first heap   total 65536K, used 15360K [0x00000000e0000000, 0x0000000100000000)
  region size 1024K, 13 young (13312K), 0 survivors (0K)
 Metaspace       used 3255K, committed 3456K, reserved 1114112K
  class space    used 381K, committed 448K, reserved 1048576K
}
Event: 1.474 GC heap after
{Heap after GC invocations=1 (full 0):
 garbage-first heap   total 65536K, used 7788K [0x00000000e0000000, 0x0000000100000000)
  region size 1024K, 2 young (2048K), 2 survivors (2048K)
 Metaspace       used 3255K, committed 3456K, reserved 1114112K
  class space    used 381K, committed 448K, reserved 1048576K
}
Event: 2.706 GC heap before
{Heap before GC invocations=1 (full 0):
 garbage-first heap   total 65536K, used 17004K [0x00000000e0000000, 0x0000000100000000)
  region size 1024K, 11 young (11264K), 2 survivors (2048K)
 Metaspace       used 6088K, committed 6336K, reserved 1114112K
  class space    used 776K, committed 896K, reserved 1048576K
}
Event: 2.712 GC heap after
{Heap after GC invocations=2 (full 0):
 garbage-first heap   total 65536K, used 9792K [0x00000000e0000000, 0x0000000100000000)
  region size 1024K, 2 young (2048K), 2 survivors (2048K)
 Metaspace       used 6088K, committed 6336K, reserved 1114112K
  class space    used 776K, committed 896K, reserved 1048576K
}
Event: 3.462 GC heap before
{Heap before GC invocations=2 (full 0):
 garbage-first heap   total 65536K, used 28224K [0x00000000e0000000, 0x0000000100000000)
  region size 1024K, 20 young (20480K), 2 survivors (2048K)
 Metaspace       used 10328K, committed 10560K, reserved 1114112K
  class space    used 1377K, committed 1472K, reserved 1048576K
}
Event: 3.470 GC heap after
{Heap after GC invocations=3 (full 0):
 garbage-first heap   total 65536K, used 11183K [0x00000000e0000000, 0x0000000100000000)
  region size 1024K, 2 young (2048K), 2 survivors (2048K)
 Metaspace       used 10328K, committed 10560K, reserved 1114112K
  class space    used 1377K, committed 1472K, reserved 1048576K
}

Deoptimization events (20 events):
Event: 3.730 Thread 0x0000013f611de470 Uncommon trap: trap_request=0xffffffde fr.pc=0x0000013f726cb048 relative=0x0000000000000128
Event: 3.730 Thread 0x0000013f611de470 Uncommon trap: reason=class_check action=maybe_recompile pc=0x0000013f726cb048 method=jdk.internal.misc.Unsafe.allocateUninitializedArray(Ljava/lang/Class;I)Ljava/lang/Object; @ 51 c2
Event: 3.730 Thread 0x0000013f611de470 DEOPT PACKING pc=0x0000013f726cb048 sp=0x0000003307cfabf0
Event: 3.730 Thread 0x0000013f611de470 DEOPT UNPACKING pc=0x0000013f720e23a3 sp=0x0000003307cfab78 mode 2
Event: 3.730 Thread 0x0000013f611de470 Uncommon trap: trap_request=0xffffffde fr.pc=0x0000013f726cb048 relative=0x0000000000000128
Event: 3.730 Thread 0x0000013f611de470 Uncommon trap: reason=class_check action=maybe_recompile pc=0x0000013f726cb048 method=jdk.internal.misc.Unsafe.allocateUninitializedArray(Ljava/lang/Class;I)Ljava/lang/Object; @ 51 c2
Event: 3.730 Thread 0x0000013f611de470 DEOPT PACKING pc=0x0000013f726cb048 sp=0x0000003307cfa7f0
Event: 3.730 Thread 0x0000013f611de470 DEOPT UNPACKING pc=0x0000013f720e23a3 sp=0x0000003307cfa778 mode 2
Event: 3.731 Thread 0x0000013f611de470 Uncommon trap: trap_request=0xffffffde fr.pc=0x0000013f726cb048 relative=0x0000000000000128
Event: 3.731 Thread 0x0000013f611de470 Uncommon trap: reason=class_check action=maybe_recompile pc=0x0000013f726cb048 method=jdk.internal.misc.Unsafe.allocateUninitializedArray(Ljava/lang/Class;I)Ljava/lang/Object; @ 51 c2
Event: 3.731 Thread 0x0000013f611de470 DEOPT PACKING pc=0x0000013f726cb048 sp=0x0000003307cfb2d0
Event: 3.731 Thread 0x0000013f611de470 DEOPT UNPACKING pc=0x0000013f720e23a3 sp=0x0000003307cfb258 mode 2
Event: 3.787 Thread 0x0000013f611de470 Uncommon trap: trap_request=0xffffff45 fr.pc=0x0000013f726c8514 relative=0x00000000000002f4
Event: 3.787 Thread 0x0000013f611de470 Uncommon trap: reason=unstable_if action=reinterpret pc=0x0000013f726c8514 method=jdk.internal.org.objectweb.asm.SymbolTable.put(Ljdk/internal/org/objectweb/asm/SymbolTable$Entry;)Ljdk/internal/org/objectweb/asm/SymbolTable$Entry; @ 13 c2
Event: 3.787 Thread 0x0000013f611de470 DEOPT PACKING pc=0x0000013f726c8514 sp=0x0000003307cfa870
Event: 3.787 Thread 0x0000013f611de470 DEOPT UNPACKING pc=0x0000013f720e23a3 sp=0x0000003307cfa7f0 mode 2
Event: 3.810 Thread 0x0000013f611de470 Uncommon trap: trap_request=0xffffff45 fr.pc=0x0000013f726c2420 relative=0x0000000000003260
Event: 3.810 Thread 0x0000013f611de470 Uncommon trap: reason=unstable_if action=reinterpret pc=0x0000013f726c2420 method=jdk.internal.loader.URLClassPath$FileLoader.getResource(Ljava/lang/String;Z)Ljdk/internal/loader/Resource; @ 139 c2
Event: 3.810 Thread 0x0000013f611de470 DEOPT PACKING pc=0x0000013f726c2420 sp=0x0000003307cfb300
Event: 3.810 Thread 0x0000013f611de470 DEOPT UNPACKING pc=0x0000013f720e23a3 sp=0x0000003307cfb288 mode 2

Classes unloaded (0 events):
No events

Classes redefined (0 events):
No events

Internal exceptions (20 events):
Event: 3.051 Thread 0x0000013f611de470 Exception <a 'java/lang/NoSuchMethodError'{0x00000000e38df9d0}: 'void java.lang.invoke.DirectMethodHandle$Holder.invokeStaticInit(java.lang.Object)'> (0x00000000e38df9d0) 
thrown [s\open\src\hotspot\share\interpreter\linkResolver.cpp, line 759]
Event: 3.076 Thread 0x0000013f611de470 Exception <a 'java/lang/NoSuchMethodError'{0x00000000e37b7d58}: 'void java.lang.invoke.DirectMethodHandle$Holder.invokeStaticInit(java.lang.Object, java.lang.Object, java.lang.Object, java.lang.Object)'> (0x00000000e37b7d58) 
thrown [s\open\src\hotspot\share\interpreter\linkResolver.cpp, line 759]
Event: 3.092 Thread 0x0000013f611de470 Exception <a 'java/lang/NoSuchMethodError'{0x00000000e34335e8}: 'int java.lang.invoke.DirectMethodHandle$Holder.invokeStaticInit(java.lang.Object, java.lang.Object)'> (0x00000000e34335e8) 
thrown [s\open\src\hotspot\share\interpreter\linkResolver.cpp, line 759]
Event: 3.135 Thread 0x0000013f611de470 Exception <a 'java/lang/NoSuchMethodError'{0x00000000e33a1408}: 'java.lang.Object java.lang.invoke.DirectMethodHandle$Holder.newInvokeSpecial(java.lang.Object, java.lang.Object, int)'> (0x00000000e33a1408) 
thrown [s\open\src\hotspot\share\interpreter\linkResolver.cpp, line 759]
Event: 3.147 Thread 0x0000013f611de470 Exception <a 'java/lang/NoSuchMethodError'{0x00000000e33f39a8}: 'void java.lang.invoke.DirectMethodHandle$Holder.invokeStatic(java.lang.Object, java.lang.Object)'> (0x00000000e33f39a8) 
thrown [s\open\src\hotspot\share\interpreter\linkResolver.cpp, line 759]
Event: 3.227 Thread 0x0000013f611de470 Exception <a 'java/lang/ClassNotFoundException'{0x00000000e31de800}: javax/smartcardio/CardPermission> (0x00000000e31de800) 
thrown [s\open\src\hotspot\share\classfile\systemDictionary.cpp, line 256]
Event: 3.235 Thread 0x0000013f611de470 Exception <a 'java/io/FileNotFoundException'{0x00000000e31ed308}> (0x00000000e31ed308) 
thrown [s\open\src\hotspot\share\prims\jni.cpp, line 516]
Event: 3.277 Thread 0x0000013f611de470 Exception <a 'java/lang/NoSuchMethodError'{0x00000000e3075db0}: 'java.lang.Object java.lang.invoke.DirectMethodHandle$Holder.invokeSpecial(java.lang.Object, java.lang.Object, java.lang.Object, long, java.lang.Object)'> (0x00000000e3075db0) 
thrown [s\open\src\hotspot\share\interpreter\linkResolver.cpp, line 759]
Event: 3.278 Thread 0x0000013f611de470 Exception <a 'java/lang/NoSuchMethodError'{0x00000000e3079ed0}: 'java.lang.Object java.lang.invoke.Invokers$Holder.linkToTargetMethod(java.lang.Object, long, java.lang.Object, java.lang.Object)'> (0x00000000e3079ed0) 
thrown [s\open\src\hotspot\share\interpreter\linkResolver.cpp, line 759]
Event: 3.449 Thread 0x0000013f611de470 Exception <a 'java/lang/NoSuchMethodError'{0x00000000e2c8ada0}: 'int java.lang.invoke.DirectMethodHandle$Holder.invokeStaticInit(java.lang.Object, java.lang.Object, java.lang.Object)'> (0x00000000e2c8ada0) 
thrown [s\open\src\hotspot\share\interpreter\linkResolver.cpp, line 759]
Event: 3.495 Thread 0x0000013f611de470 Exception <a 'java/lang/NoSuchMethodError'{0x00000000e3fb10c0}: 'int java.lang.invoke.DirectMethodHandle$Holder.invokeInterface(java.lang.Object, java.lang.Object)'> (0x00000000e3fb10c0) 
thrown [s\open\src\hotspot\share\interpreter\linkResolver.cpp, line 759]
Event: 3.523 Thread 0x0000013f611de470 Exception <a 'java/lang/NoSuchMethodError'{0x00000000e3e7b3e0}: 'void java.lang.invoke.DirectMethodHandle$Holder.invokeStaticInit(java.lang.Object, java.lang.Object)'> (0x00000000e3e7b3e0) 
thrown [s\open\src\hotspot\share\interpreter\linkResolver.cpp, line 759]
Event: 3.570 Thread 0x0000013f611de470 Exception <a 'java/lang/NoSuchMethodError'{0x00000000e3daa2f8}: 'int java.lang.invoke.DirectMethodHandle$Holder.invokeVirtual(java.lang.Object, java.lang.Object, java.lang.Object)'> (0x00000000e3daa2f8) 
thrown [s\open\src\hotspot\share\interpreter\linkResolver.cpp, line 759]
Event: 3.644 Thread 0x0000013f611de470 Exception <a 'java/lang/IncompatibleClassChangeError'{0x00000000e3b41ef0}: Found class java.lang.Object, but interface was expected> (0x00000000e3b41ef0) 
thrown [s\open\src\hotspot\share\interpreter\linkResolver.cpp, line 826]
Event: 3.712 Thread 0x0000013f611de470 Exception <a 'java/lang/NoSuchMethodError'{0x00000000e3aa62e0}: 'int java.lang.invoke.DirectMethodHandle$Holder.invokeSpecial(java.lang.Object, java.lang.Object, java.lang.Object, java.lang.Object)'> (0x00000000e3aa62e0) 
thrown [s\open\src\hotspot\share\interpreter\linkResolver.cpp, line 759]
Event: 3.723 Thread 0x0000013f611de470 Exception <a 'sun/nio/fs/WindowsException'{0x00000000e3ac48f0}> (0x00000000e3ac48f0) 
thrown [s\open\src\hotspot\share\prims\jni.cpp, line 516]
Event: 3.723 Thread 0x0000013f611de470 Exception <a 'java/lang/NoSuchMethodError'{0x00000000e3ac5f50}: 'int java.lang.invoke.DirectMethodHandle$Holder.invokeSpecial(java.lang.Object, java.lang.Object, java.lang.Object, java.lang.Object, java.lang.Object)'> (0x00000000e3ac5f50) 
thrown [s\open\src\hotspot\share\interpreter\linkResolver.cpp, line 759]
Event: 3.727 Thread 0x0000013f611de470 Exception <a 'java/lang/NoSuchMethodError'{0x00000000e3acf140}: 'void java.lang.invoke.DirectMethodHandle$Holder.invokeVirtual(java.lang.Object, java.lang.Object)'> (0x00000000e3acf140) 
thrown [s\open\src\hotspot\share\interpreter\linkResolver.cpp, line 759]
Event: 3.734 Thread 0x0000013f611de470 Exception <a 'sun/nio/fs/WindowsException'{0x00000000e3aef048}> (0x00000000e3aef048) 
thrown [s\open\src\hotspot\share\prims\jni.cpp, line 516]
Event: 3.824 Thread 0x0000013f611de470 Exception <a 'java/lang/NoSuchMethodError'{0x00000000e376aa48}: 'void java.lang.invoke.DirectMethodHandle$Holder.invokeVirtual(java.lang.Object, java.lang.Object, java.lang.Object, java.lang.Object)'> (0x00000000e376aa48) 
thrown [s\open\src\hotspot\share\interpreter\linkResolver.cpp, line 759]

VM Operations (20 events):
Event: 1.496 Executing VM operation: HandshakeAllThreads
Event: 1.496 Executing VM operation: HandshakeAllThreads done
Event: 1.870 Executing VM operation: HandshakeAllThreads
Event: 1.870 Executing VM operation: HandshakeAllThreads done
Event: 2.619 Executing VM operation: HandshakeAllThreads
Event: 2.619 Executing VM operation: HandshakeAllThreads done
Event: 2.619 Executing VM operation: Cleanup
Event: 2.619 Executing VM operation: Cleanup done
Event: 2.629 Executing VM operation: HandshakeAllThreads
Event: 2.629 Executing VM operation: HandshakeAllThreads done
Event: 2.677 Executing VM operation: HandshakeAllThreads
Event: 2.677 Executing VM operation: HandshakeAllThreads done
Event: 2.706 Executing VM operation: G1CollectForAllocation
Event: 2.712 Executing VM operation: G1CollectForAllocation done
Event: 2.832 Executing VM operation: HandshakeAllThreads
Event: 2.832 Executing VM operation: HandshakeAllThreads done
Event: 3.176 Executing VM operation: HandshakeAllThreads
Event: 3.176 Executing VM operation: HandshakeAllThreads done
Event: 3.462 Executing VM operation: G1CollectForAllocation
Event: 3.470 Executing VM operation: G1CollectForAllocation done

Events (20 events):
Event: 3.844 loading class java/util/concurrent/ConcurrentLinkedDeque$Node
Event: 3.844 loading class java/util/concurrent/ConcurrentLinkedDeque$Node done
Event: 3.846 loading class java/beans/PropertyEditorSupport
Event: 3.864 loading class java/beans/PropertyEditor
Event: 3.864 loading class java/beans/PropertyEditor done
Event: 3.864 loading class java/beans/PropertyEditorSupport done
Event: 3.880 loading class sun/reflect/generics/tree/BottomSignature
Event: 3.881 loading class sun/reflect/generics/tree/BottomSignature done
Event: 3.881 loading class sun/reflect/generics/tree/Wildcard
Event: 3.881 loading class sun/reflect/generics/tree/Wildcard done
Event: 3.881 loading class sun/reflect/generics/reflectiveObjects/WildcardTypeImpl
Event: 3.881 loading class sun/reflect/generics/reflectiveObjects/WildcardTypeImpl done
Event: 3.881 loading class sun/reflect/generics/tree/TypeVariableSignature
Event: 3.881 loading class sun/reflect/generics/tree/TypeVariableSignature done
Event: 3.885 loading class java/util/Currency
Event: 3.885 loading class java/util/Currency done
Event: 3.922 loading class java/text/ParseException
Event: 3.923 loading class java/text/ParseException done
Event: 3.944 loading class java/time/OffsetDateTime
Event: 3.945 loading class java/time/OffsetDateTime done


Dynamic libraries:
0x00007ff666910000 - 0x00007ff666920000 	D:\Software\jdk-17.0.10\bin\java.exe
0x00007fff37e70000 - 0x00007fff38068000 	C:\WINDOWS\SYSTEM32\ntdll.dll
0x00007fff364f0000 - 0x00007fff365b2000 	C:\WINDOWS\System32\KERNEL32.DLL
0x00007fff35b80000 - 0x00007fff35e7f000 	C:\WINDOWS\System32\KERNELBASE.dll
0x00007fff35500000 - 0x00007fff35600000 	C:\WINDOWS\System32\ucrtbase.dll
0x00007fff2e150000 - 0x00007fff2e16b000 	D:\Software\jdk-17.0.10\bin\VCRUNTIME140.dll
0x00007fff2e170000 - 0x00007fff2e189000 	D:\Software\jdk-17.0.10\bin\jli.dll
0x00007fff36b10000 - 0x00007fff36bc1000 	C:\WINDOWS\System32\ADVAPI32.dll
0x00007fff362a0000 - 0x00007fff3633e000 	C:\WINDOWS\System32\msvcrt.dll
0x00007fff35ee0000 - 0x00007fff35f7f000 	C:\WINDOWS\System32\sechost.dll
0x00007fff36920000 - 0x00007fff36a43000 	C:\WINDOWS\System32\RPCRT4.dll
0x00007fff35770000 - 0x00007fff35797000 	C:\WINDOWS\System32\bcrypt.dll
0x00007fff36090000 - 0x00007fff3622d000 	C:\WINDOWS\System32\USER32.dll
0x00007fff356b0000 - 0x00007fff356d2000 	C:\WINDOWS\System32\win32u.dll
0x00007fff372b0000 - 0x00007fff372db000 	C:\WINDOWS\System32\GDI32.dll
0x00007fff357a0000 - 0x00007fff358b7000 	C:\WINDOWS\System32\gdi32full.dll
0x00007fff35a20000 - 0x00007fff35abd000 	C:\WINDOWS\System32\msvcp_win.dll
0x00007fff22860000 - 0x00007fff22afa000 	C:\WINDOWS\WinSxS\amd64_microsoft.windows.common-controls_6595b64144ccf1df_6.0.19041.4355_none_60b8b9eb71f62e16\COMCTL32.dll
0x00007fff275a0000 - 0x00007fff275aa000 	C:\WINDOWS\SYSTEM32\VERSION.dll
0x00007fff374e0000 - 0x00007fff3750f000 	C:\WINDOWS\System32\IMM32.DLL
0x00007fff2f660000 - 0x00007fff2f66c000 	D:\Software\jdk-17.0.10\bin\vcruntime140_1.dll
0x00007fff2e0c0000 - 0x00007fff2e14e000 	D:\Software\jdk-17.0.10\bin\msvcp140.dll
0x00007ffef3710000 - 0x00007ffef42ef000 	D:\Software\jdk-17.0.10\bin\server\jvm.dll
0x00007fff372a0000 - 0x00007fff372a8000 	C:\WINDOWS\System32\PSAPI.DLL
0x00007fff1d8f0000 - 0x00007fff1d917000 	C:\WINDOWS\SYSTEM32\WINMM.dll
0x00007fff18fe0000 - 0x00007fff18fe9000 	C:\WINDOWS\SYSTEM32\WSOCK32.dll
0x00007fff37390000 - 0x00007fff373fb000 	C:\WINDOWS\System32\ws2_32.DLL
0x00007fff33d20000 - 0x00007fff33d32000 	C:\WINDOWS\SYSTEM32\kernel.appcore.dll
0x00007fff2e0b0000 - 0x00007fff2e0ba000 	D:\Software\jdk-17.0.10\bin\jimage.dll
0x00007fff33130000 - 0x00007fff33314000 	C:\WINDOWS\SYSTEM32\DBGHELP.DLL
0x00007fff191b0000 - 0x00007fff191e4000 	C:\WINDOWS\SYSTEM32\dbgcore.DLL
0x00007fff356e0000 - 0x00007fff35762000 	C:\WINDOWS\System32\bcryptPrimitives.dll
0x00007fff226e0000 - 0x00007fff22705000 	D:\Software\jdk-17.0.10\bin\java.dll
0x00007fff04d20000 - 0x00007fff04df7000 	D:\Software\jdk-17.0.10\bin\jsvml.dll
0x00007fff375f0000 - 0x00007fff37d5e000 	C:\WINDOWS\System32\SHELL32.dll
0x00007fff33560000 - 0x00007fff33d04000 	C:\WINDOWS\SYSTEM32\windows.storage.dll
0x00007fff365c0000 - 0x00007fff36915000 	C:\WINDOWS\System32\combase.dll
0x00007fff34e60000 - 0x00007fff34e8f000 	C:\WINDOWS\SYSTEM32\Wldp.dll
0x00007fff37d60000 - 0x00007fff37e2d000 	C:\WINDOWS\System32\OLEAUT32.dll
0x00007fff372e0000 - 0x00007fff3738d000 	C:\WINDOWS\System32\SHCORE.dll
0x00007fff35e80000 - 0x00007fff35ed5000 	C:\WINDOWS\System32\shlwapi.dll
0x00007fff35430000 - 0x00007fff35454000 	C:\WINDOWS\SYSTEM32\profapi.dll
0x00007fff22b00000 - 0x00007fff22b19000 	D:\Software\jdk-17.0.10\bin\net.dll
0x00007fff2b100000 - 0x00007fff2b20d000 	C:\WINDOWS\SYSTEM32\WINHTTP.dll
0x00007fff34bc0000 - 0x00007fff34c2a000 	C:\WINDOWS\system32\mswsock.dll
0x00007fff22360000 - 0x00007fff22376000 	D:\Software\jdk-17.0.10\bin\nio.dll
0x00007fff277f0000 - 0x00007fff27808000 	D:\Software\jdk-17.0.10\bin\zip.dll
0x00007fff2dd20000 - 0x00007fff2dd30000 	D:\Software\jdk-17.0.10\bin\verify.dll
0x00007fff22510000 - 0x00007fff2251e000 	D:\Software\jdk-17.0.10\bin\sunmscapi.dll
0x00007fff358c0000 - 0x00007fff35a1c000 	C:\WINDOWS\System32\CRYPT32.dll
0x00007fff34f30000 - 0x00007fff34f57000 	C:\WINDOWS\SYSTEM32\ncrypt.dll
0x00007fff34ef0000 - 0x00007fff34f2b000 	C:\WINDOWS\SYSTEM32\NTASN1.dll
0x00007fff081d0000 - 0x00007fff081d7000 	C:\WINDOWS\system32\wshunix.dll
0x00007fff34db0000 - 0x00007fff34dc8000 	C:\WINDOWS\SYSTEM32\CRYPTSP.dll
0x00007fff344e0000 - 0x00007fff34514000 	C:\WINDOWS\system32\rsaenh.dll
0x00007fff353b0000 - 0x00007fff353de000 	C:\WINDOWS\SYSTEM32\USERENV.dll
0x00007fff34dd0000 - 0x00007fff34ddc000 	C:\WINDOWS\SYSTEM32\CRYPTBASE.dll
0x00007fff348a0000 - 0x00007fff348db000 	C:\WINDOWS\SYSTEM32\IPHLPAPI.DLL
0x00007fff36230000 - 0x00007fff36238000 	C:\WINDOWS\System32\NSI.dll
0x00007fff2be50000 - 0x00007fff2be67000 	C:\WINDOWS\SYSTEM32\dhcpcsvc6.DLL
0x00007fff2d220000 - 0x00007fff2d23d000 	C:\WINDOWS\SYSTEM32\dhcpcsvc.DLL
0x00007fff348e0000 - 0x00007fff349aa000 	C:\WINDOWS\SYSTEM32\DNSAPI.dll

dbghelp: loaded successfully - version: 4.0.5 - missing functions: none
symbol engine: initialized successfully - sym options: 0x614 - pdb path: .;D:\Software\jdk-17.0.10\bin;C:\WINDOWS\SYSTEM32;C:\WINDOWS\WinSxS\amd64_microsoft.windows.common-controls_6595b64144ccf1df_6.0.19041.4355_none_60b8b9eb71f62e16;D:\Software\jdk-17.0.10\bin\server

VM Arguments:
jvm_args: -Dorg.gradle.internal.worker.tmpdir=D:\retail-management-system\config-service\build\tmp\test\work -Xmx512m -Dfile.encoding=windows-1252 -Duser.country=US -Duser.language=en -Duser.variant -ea 
java_command: worker.org.gradle.process.internal.worker.GradleWorkerMain 'Gradle Test Executor 1'
java_class_path (initial): C:\\Users\\hp\\.gradle\\caches\\8.11\\workerMain\\gradle-worker.jar;D:\\retail-management-system\\config-service\\build\\classes\\java\\test;D:\\retail-management-system\\config-service\\build\\classes\\java\\main;D:\\retail-management-system\\config-service\\build\\resources\\main;C:\\Users\\hp\\.gradle\\caches\\modules-2\\files-2.1\\org.springframework.boot\\spring-boot-starter-web\\3.4.3\\87e7a401e7d249fefc7f372f5681e8620234624c\\spring-boot-starter-web-3.4.3.jar;C:\\Users\\hp\\.gradle\\caches\\modules-2\\files-2.1\\org.springframework.boot\\spring-boot-starter-test\\3.4.3\\cb43483437a2151f522141247198e071ad77cf35\\spring-boot-starter-test-3.4.3.jar;C:\\Users\\hp\\.gradle\\caches\\modules-2\\files-2.1\\org.springframework.cloud\\spring-cloud-starter-netflix-eureka-client\\4.2.0\\cf3f5817a74964573f8ab62d67692203484bfc17\\spring-cloud-starter-netflix-eureka-client-4.2.0.jar;C:\\Users\\hp\\.gradle\\caches\\modules-2\\files-2.1\\org.springframework.cloud\\spring-cloud-starter-loadbalancer\\4.2.0\\290ebc8df37c43336dbe66320ab84d6a57aec3c8\\spring-cloud-starter-loadbalancer-4.2.0.jar;C:\\Users\\hp\\.gradle\\caches\\modules-2\\files-2.1\\org.springframework.cloud\\spring-cloud-starter\\4.2.0\\195fa9ee669616aebd5b1a481578ec336cfc1e9f\\spring-cloud-starter-4.2.0.jar;C:\\Users\\hp\\.gradle\\caches\\modules-2\\files-2.1\\org.springframework.boot\\spring-boot-starter-json\\3.4.3\\7a4d63165404da67ed3802678994c21a0763723\\spring-boot-starter-json-3.4.3.jar;C:\\Users\\hp\\.gradle\\caches\\modules-2\\files-2.1\\org.springframework.boot\\spring-boot-starter-cache\\3.4.3\\cbc4512893d900d6c383a8349f671db7016bd965\\spring-boot-starter-cache-3.4.3.jar;C:\\Users\\hp\\.gradle\\caches\\modules-2\\files-2.1\\org.springframework.boot\\spring-boot-starter\\3.4.3\\247fdc05cd6de013c3fd26628fa221dd095b391\\spring-boot-starter-3.4.3.jar;C:\\Users\\hp\\.gradle\\caches\\modules-2\\files-2.1\\org.junit.jupiter\\junit-jupiter\\5.11.4\\a699f024a4a4706b36bddbeb42d499aff9e
Launcher Type: SUN_STANDARD

[Global flags]
     intx CICompilerCount                          = 3                                         {product} {ergonomic}
     uint ConcGCThreads                            = 1                                         {product} {ergonomic}
     uint G1ConcRefinementThreads                  = 4                                         {product} {ergonomic}
   size_t G1HeapRegionSize                         = 1048576                                   {product} {ergonomic}
    uintx GCDrainStackTargetSize                   = 64                                        {product} {ergonomic}
   size_t InitialHeapSize                          = 67108864                                  {product} {ergonomic}
   size_t MarkStackSize                            = 4194304                                   {product} {ergonomic}
   size_t MaxHeapSize                              = 536870912                                 {product} {command line}
   size_t MaxNewSize                               = 321912832                                 {product} {ergonomic}
   size_t MinHeapDeltaBytes                        = 1048576                                   {product} {ergonomic}
   size_t MinHeapSize                              = 8388608                                   {product} {ergonomic}
    uintx NonNMethodCodeHeapSize                   = 5832780                                {pd product} {ergonomic}
    uintx NonProfiledCodeHeapSize                  = 122912730                              {pd product} {ergonomic}
    uintx ProfiledCodeHeapSize                     = 122912730                              {pd product} {ergonomic}
    uintx ReservedCodeCacheSize                    = 251658240                              {pd product} {ergonomic}
     bool SegmentedCodeCache                       = true                                      {product} {ergonomic}
   size_t SoftMaxHeapSize                          = 536870912                              {manageable} {ergonomic}
     bool UseCompressedClassPointers               = true                           {product lp64_product} {ergonomic}
     bool UseCompressedOops                        = true                           {product lp64_product} {ergonomic}
     bool UseG1GC                                  = true                                      {product} {ergonomic}
     bool UseLargePagesIndividualAllocation        = false                                  {pd product} {ergonomic}

Logging:
Log output configuration:
 #0: stdout all=warning uptime,level,tags
 #1: stderr all=off uptime,level,tags

Environment Variables:
JAVA_HOME=D:\Software\jdk-17.0.10
CLASSPATH=D:\Software\gradle-8.11\lib\gradle-gradle-cli-main-8.11.jar
PATH=C:\Program Files\Python310\Scripts\;C:\Program Files\Python310\;C:\oraclexe\app\oracle\product\11.2.0\server\bin;C:\WINDOWS\system32;C:\WINDOWS;C:\WINDOWS\System32\Wbem;C:\WINDOWS\System32\WindowsPowerShell\v1.0\;C:\WINDOWS\System32\OpenSSH\;C:\MinGW\bin;C:\Program Files\Java\jdk-18.0.1.1\bin;C:\Program Files\nodejs\;C:\Program Files\Git\cmd;C:\Program Files\LLVM\bin;C:\Program Files\MySQL\MySQL Shell 8.0\bin\;C:\Users\hp\AppData\Local\Microsoft\WindowsApps;C:\MinGW\bin;C:\Users\hp\AppData\Roaming\npm;C:\Users\hp\AppData\Local\GitHubDesktop\bin;C:\Program Files\MongoDB\Server\4.4\bin;C:\Users\hp\AppData\Local\Programs\Microsoft VS Code\bin;C:\Users\hp\Desktop\gradle-7.6.1;C:\Program Files\JetBrains\IntelliJ IDEA Community Edition 2024.2.4\bin;;D:\Software\gradle-8.11\bin;D:\Software\jdk-17.0.10\bin;
USERNAME=hp
OS=Windows_NT
PROCESSOR_IDENTIFIER=Intel64 Family 6 Model 142 Stepping 9, GenuineIntel



---------------  S Y S T E M  ---------------

OS:
 Windows 10 , 64 bit Build 19041 (10.0.19041.5198)
OS uptime: 39 days 6:17 hours

CPU: total 4 (initial active 4) (2 cores per cpu, 2 threads per core) family 6 model 142 stepping 9 microcode 0xb4, cx8, cmov, fxsr, ht, mmx, 3dnowpref, sse, sse2, sse3, ssse3, sse4.1, sse4.2, popcnt, lzcnt, tsc, tscinvbit, avx, avx2, aes, erms, clmul, bmi1, bmi2, adx, fma, vzeroupper, clflush, clflushopt

Memory: 4k page, system-wide physical 4007M (131M free)
TotalPageFile size 16295M (AvailPageFile size 5M)
current process WorkingSet (physical memory assigned to process): 105M, peak: 105M
current process commit charge ("private bytes"): 173M, peak: 173M

vm_info: Java HotSpot(TM) 64-Bit Server VM (17.0.10+11-LTS-240) for windows-amd64 JRE (17.0.10+11-LTS-240), built on Dec 19 2023 21:47:25 by "mach5one" with MS VC++ 17.1 (VS2022)

END.
