#
# There is insufficient memory for the Java Runtime Environment to continue.
# Native memory allocation (mmap) failed to map 67108864 bytes for G1 virtual space
# Possible reasons:
#   The system is out of physical RAM or swap space
#   The process is running with CompressedOops enabled, and the Java Heap may be blocking the growth of the native heap
# Possible solutions:
#   Reduce memory load on the system
#   Increase physical memory or swap space
#   Check if swap backing store is full
#   Decrease Java heap size (-Xmx/-Xms)
#   Decrease number of Java threads
#   Decrease Java thread stack sizes (-Xss)
#   Set larger code cache with -XX:ReservedCodeCacheSize=
#   JVM is running with Unscaled Compressed Oops mode in which the Java heap is
#     placed in the first 4GB address space. The Java Heap base address is the
#     maximum limit for the native heap growth. Please use -XX:HeapBaseMinAddress
#     to set the Java Heap base and to place the Java Heap above 4GB virtual address.
# This output file may be truncated or incomplete.
#
#  Out of Memory Error (os_windows.cpp:3548), pid=22140, tid=21820
#
# JRE version:  (17.0.10+11) (build )
# Java VM: Java HotSpot(TM) 64-Bit Server VM (17.0.10+11-LTS-240, mixed mode, sharing, tiered, compressed oops, compressed class ptrs, g1 gc, windows-amd64)
# No core dump will be written. Minidumps are not enabled by default on client versions of Windows
#

---------------  S U M M A R Y ------------

Command Line: -Dorg.gradle.internal.worker.tmpdir=D:\retail-management-system\cart-service\build\tmp\test\work -Xmx512m -Dfile.encoding=windows-1252 -Duser.country=US -Duser.language=en -Duser.variant -ea worker.org.gradle.process.internal.worker.GradleWorkerMain 'Gradle Test Executor 2'

Host: Intel(R) Core(TM) i3-7100U CPU @ 2.40GHz, 4 cores, 3G,  Windows 10 , 64 bit Build 19041 (10.0.19041.5198)
Time: Thu Feb 27 23:29:28 2025 India Standard Time elapsed time: 0.058936 seconds (0d 0h 0m 0s)

---------------  T H R E A D  ---------------

Current thread (0x000001effcef2250):  JavaThread "Unknown thread" [_thread_in_vm, id=21820, stack(0x000000b716200000,0x000000b716300000)]

Stack: [0x000000b716200000,0x000000b716300000]
Native frames: (J=compiled Java code, j=interpreted, Vv=VM code, C=native code)
V  [jvm.dll+0x677a5a]
V  [jvm.dll+0x7d8b2d]
V  [jvm.dll+0x7da48e]
V  [jvm.dll+0x7daaf3]
V  [jvm.dll+0x2455ff]
V  [jvm.dll+0x6749b9]
V  [jvm.dll+0x669382]
V  [jvm.dll+0x302e96]
V  [jvm.dll+0x30a416]
V  [jvm.dll+0x359cbe]
V  [jvm.dll+0x359eef]
V  [jvm.dll+0x2d9e88]
V  [jvm.dll+0x2dadf4]
V  [jvm.dll+0x7aa551]
V  [jvm.dll+0x367911]
V  [jvm.dll+0x789639]
V  [jvm.dll+0x3eb30f]
V  [jvm.dll+0x3ecd91]
C  [jli.dll+0x5297]
C  [ucrtbase.dll+0x21bb2]
C  [KERNEL32.DLL+0x17374]
C  [ntdll.dll+0x4cc91]


---------------  P R O C E S S  ---------------

Threads class SMR info:
_java_thread_list=0x00007ffef41c6a18, length=0, elements={
}

Java Threads: ( => current thread )

Other Threads:
  0x000001effcf1f030 GCTaskThread "GC Thread#0" [stack: 0x000000b716300000,0x000000b716400000] [id=22056]
  0x000001effcf24f90 ConcurrentGCThread "G1 Main Marker" [stack: 0x000000b716400000,0x000000b716500000] [id=8564]
  0x000001effcf259a0 ConcurrentGCThread "G1 Conc#0" [stack: 0x000000b716500000,0x000000b716600000] [id=22300]

[error occurred during error reporting (printing all threads), id 0xc0000005, EXCEPTION_ACCESS_VIOLATION (0xc0000005) at pc=0x00007ffef39faae7]

VM state: not at safepoint (not fully initialized)

VM Mutex/Monitor currently owned by a thread:  ([mutex/lock_event])
[0x000001effceed1b0] Heap_lock - owner thread: 0x000001effcef2250

Heap address: 0x00000000e0000000, size: 512 MB, Compressed Oops mode: 32-bit

CDS archive(s) mapped at: [0x0000000000000000-0x0000000000000000-0x0000000000000000), size 0, SharedBaseAddress: 0x0000000800000000, ArchiveRelocationMode: 1.
Narrow klass base: 0x0000000000000000, Narrow klass shift: 0, Narrow klass range: 0x0

GC Precious Log:
<Empty>

Heap:
 garbage-first heap   total 0K, used 0K [0x00000000e0000000, 0x0000000100000000)
  region size 1024K, 0 young (0K), 0 survivors (0K)

[error occurred during error reporting (printing heap information), id 0xc0000005, EXCEPTION_ACCESS_VIOLATION (0xc0000005) at pc=0x00007ffef3de1249]

GC Heap History (0 events):
No events

Deoptimization events (0 events):
No events

Classes unloaded (0 events):
No events

Classes redefined (0 events):
No events

Internal exceptions (0 events):
No events

VM Operations (0 events):
No events

Events (1 events):
Event: 0.046 Loaded shared library D:\Software\jdk-17.0.10\bin\java.dll


Dynamic libraries:
0x00007ff666910000 - 0x00007ff666920000 	D:\Software\jdk-17.0.10\bin\java.exe
0x00007fff37e70000 - 0x00007fff38068000 	C:\WINDOWS\SYSTEM32\ntdll.dll
0x00007fff364f0000 - 0x00007fff365b2000 	C:\WINDOWS\System32\KERNEL32.DLL
0x00007fff35b80000 - 0x00007fff35e7f000 	C:\WINDOWS\System32\KERNELBASE.dll
0x00007fff35500000 - 0x00007fff35600000 	C:\WINDOWS\System32\ucrtbase.dll
0x00007fff2e150000 - 0x00007fff2e16b000 	D:\Software\jdk-17.0.10\bin\VCRUNTIME140.dll
0x00007fff2e170000 - 0x00007fff2e189000 	D:\Software\jdk-17.0.10\bin\jli.dll
0x00007fff36b10000 - 0x00007fff36bc1000 	C:\WINDOWS\System32\ADVAPI32.dll
0x00007fff362a0000 - 0x00007fff3633e000 	C:\WINDOWS\System32\msvcrt.dll
0x00007fff35ee0000 - 0x00007fff35f7f000 	C:\WINDOWS\System32\sechost.dll
0x00007fff36920000 - 0x00007fff36a43000 	C:\WINDOWS\System32\RPCRT4.dll
0x00007fff35770000 - 0x00007fff35797000 	C:\WINDOWS\System32\bcrypt.dll
0x00007fff36090000 - 0x00007fff3622d000 	C:\WINDOWS\System32\USER32.dll
0x00007fff356b0000 - 0x00007fff356d2000 	C:\WINDOWS\System32\win32u.dll
0x00007fff372b0000 - 0x00007fff372db000 	C:\WINDOWS\System32\GDI32.dll
0x00007fff357a0000 - 0x00007fff358b7000 	C:\WINDOWS\System32\gdi32full.dll
0x00007fff35a20000 - 0x00007fff35abd000 	C:\WINDOWS\System32\msvcp_win.dll
0x00007fff22860000 - 0x00007fff22afa000 	C:\WINDOWS\WinSxS\amd64_microsoft.windows.common-controls_6595b64144ccf1df_6.0.19041.4355_none_60b8b9eb71f62e16\COMCTL32.dll
0x00007fff275a0000 - 0x00007fff275aa000 	C:\WINDOWS\SYSTEM32\VERSION.dll
0x00007fff374e0000 - 0x00007fff3750f000 	C:\WINDOWS\System32\IMM32.DLL
0x00007fff2f660000 - 0x00007fff2f66c000 	D:\Software\jdk-17.0.10\bin\vcruntime140_1.dll
0x00007fff2e0c0000 - 0x00007fff2e14e000 	D:\Software\jdk-17.0.10\bin\msvcp140.dll
0x00007ffef3710000 - 0x00007ffef42ef000 	D:\Software\jdk-17.0.10\bin\server\jvm.dll
0x00007fff372a0000 - 0x00007fff372a8000 	C:\WINDOWS\System32\PSAPI.DLL
0x00007fff18fe0000 - 0x00007fff18fe9000 	C:\WINDOWS\SYSTEM32\WSOCK32.dll
0x00007fff37390000 - 0x00007fff373fb000 	C:\WINDOWS\System32\WS2_32.dll
0x00007fff1d8f0000 - 0x00007fff1d917000 	C:\WINDOWS\SYSTEM32\WINMM.dll
0x00007fff33d20000 - 0x00007fff33d32000 	C:\WINDOWS\SYSTEM32\kernel.appcore.dll
0x00007fff2e0b0000 - 0x00007fff2e0ba000 	D:\Software\jdk-17.0.10\bin\jimage.dll
0x00007fff33130000 - 0x00007fff33314000 	C:\WINDOWS\SYSTEM32\DBGHELP.DLL
0x00007fff191b0000 - 0x00007fff191e4000 	C:\WINDOWS\SYSTEM32\dbgcore.DLL
0x00007fff356e0000 - 0x00007fff35762000 	C:\WINDOWS\System32\bcryptPrimitives.dll
0x00007fff226e0000 - 0x00007fff22705000 	D:\Software\jdk-17.0.10\bin\java.dll

dbghelp: loaded successfully - version: 4.0.5 - missing functions: none
symbol engine: initialized successfully - sym options: 0x614 - pdb path: .;D:\Software\jdk-17.0.10\bin;C:\WINDOWS\SYSTEM32;C:\WINDOWS\WinSxS\amd64_microsoft.windows.common-controls_6595b64144ccf1df_6.0.19041.4355_none_60b8b9eb71f62e16;D:\Software\jdk-17.0.10\bin\server

VM Arguments:
jvm_args: -Dorg.gradle.internal.worker.tmpdir=D:\retail-management-system\cart-service\build\tmp\test\work -Xmx512m -Dfile.encoding=windows-1252 -Duser.country=US -Duser.language=en -Duser.variant -ea 
java_command: worker.org.gradle.process.internal.worker.GradleWorkerMain 'Gradle Test Executor 2'
java_class_path (initial): C:\\Users\\hp\\.gradle\\caches\\8.11\\workerMain\\gradle-worker.jar;D:\\retail-management-system\\cart-service\\build\\classes\\java\\test;D:\\retail-management-system\\cart-service\\build\\classes\\java\\main;D:\\retail-management-system\\cart-service\\build\\resources\\main;C:\\Users\\hp\\.gradle\\caches\\modules-2\\files-2.1\\org.springframework.boot\\spring-boot-starter-web\\3.4.3\\87e7a401e7d249fefc7f372f5681e8620234624c\\spring-boot-starter-web-3.4.3.jar;C:\\Users\\hp\\.gradle\\caches\\modules-2\\files-2.1\\org.springframework.boot\\spring-boot-starter-test\\3.4.3\\cb43483437a2151f522141247198e071ad77cf35\\spring-boot-starter-test-3.4.3.jar;C:\\Users\\hp\\.gradle\\caches\\modules-2\\files-2.1\\org.springframework.cloud\\spring-cloud-starter-netflix-eureka-client\\4.2.0\\cf3f5817a74964573f8ab62d67692203484bfc17\\spring-cloud-starter-netflix-eureka-client-4.2.0.jar;C:\\Users\\hp\\.gradle\\caches\\modules-2\\files-2.1\\org.springframework.cloud\\spring-cloud-starter-loadbalancer\\4.2.0\\290ebc8df37c43336dbe66320ab84d6a57aec3c8\\spring-cloud-starter-loadbalancer-4.2.0.jar;C:\\Users\\hp\\.gradle\\caches\\modules-2\\files-2.1\\org.springframework.cloud\\spring-cloud-starter\\4.2.0\\195fa9ee669616aebd5b1a481578ec336cfc1e9f\\spring-cloud-starter-4.2.0.jar;C:\\Users\\hp\\.gradle\\caches\\modules-2\\files-2.1\\org.springframework.boot\\spring-boot-starter-json\\3.4.3\\7a4d63165404da67ed3802678994c21a0763723\\spring-boot-starter-json-3.4.3.jar;C:\\Users\\hp\\.gradle\\caches\\modules-2\\files-2.1\\org.springframework.boot\\spring-boot-starter-cache\\3.4.3\\cbc4512893d900d6c383a8349f671db7016bd965\\spring-boot-starter-cache-3.4.3.jar;C:\\Users\\hp\\.gradle\\caches\\modules-2\\files-2.1\\org.springframework.boot\\spring-boot-starter\\3.4.3\\247fdc05cd6de013c3fd26628fa221dd095b391\\spring-boot-starter-3.4.3.jar;C:\\Users\\hp\\.gradle\\caches\\modules-2\\files-2.1\\org.junit.jupiter\\junit-jupiter\\5.11.4\\a699f024a4a4706b36bddbeb42d499aff9e09379\
Launcher Type: SUN_STANDARD

[Global flags]
     intx CICompilerCount                          = 3                                         {product} {ergonomic}
     uint ConcGCThreads                            = 1                                         {product} {ergonomic}
     uint G1ConcRefinementThreads                  = 4                                         {product} {ergonomic}
   size_t G1HeapRegionSize                         = 1048576                                   {product} {ergonomic}
    uintx GCDrainStackTargetSize                   = 64                                        {product} {ergonomic}
   size_t InitialHeapSize                          = 67108864                                  {product} {ergonomic}
   size_t MarkStackSize                            = 4194304                                   {product} {ergonomic}
   size_t MaxHeapSize                              = 536870912                                 {product} {command line}
   size_t MinHeapDeltaBytes                        = 1048576                                   {product} {ergonomic}
   size_t MinHeapSize                              = 8388608                                   {product} {ergonomic}
    uintx NonNMethodCodeHeapSize                   = 5832780                                {pd product} {ergonomic}
    uintx NonProfiledCodeHeapSize                  = 122912730                              {pd product} {ergonomic}
    uintx ProfiledCodeHeapSize                     = 122912730                              {pd product} {ergonomic}
    uintx ReservedCodeCacheSize                    = 251658240                              {pd product} {ergonomic}
     bool SegmentedCodeCache                       = true                                      {product} {ergonomic}
   size_t SoftMaxHeapSize                          = 536870912                              {manageable} {ergonomic}
     bool UseCompressedClassPointers               = true                           {product lp64_product} {ergonomic}
     bool UseCompressedOops                        = true                           {product lp64_product} {ergonomic}
     bool UseG1GC                                  = true                                      {product} {ergonomic}
     bool UseLargePagesIndividualAllocation        = false                                  {pd product} {ergonomic}

Logging:
Log output configuration:
 #0: stdout all=warning uptime,level,tags
 #1: stderr all=off uptime,level,tags

Environment Variables:
JAVA_HOME=D:\Software\jdk-17.0.10
CLASSPATH=D:\Software\gradle-8.11\lib\gradle-gradle-cli-main-8.11.jar
PATH=C:\Program Files\Python310\Scripts\;C:\Program Files\Python310\;C:\oraclexe\app\oracle\product\11.2.0\server\bin;C:\WINDOWS\system32;C:\WINDOWS;C:\WINDOWS\System32\Wbem;C:\WINDOWS\System32\WindowsPowerShell\v1.0\;C:\WINDOWS\System32\OpenSSH\;C:\MinGW\bin;C:\Program Files\Java\jdk-18.0.1.1\bin;C:\Program Files\nodejs\;C:\Program Files\Git\cmd;C:\Program Files\LLVM\bin;C:\Program Files\MySQL\MySQL Shell 8.0\bin\;C:\Users\hp\AppData\Local\Microsoft\WindowsApps;C:\MinGW\bin;C:\Users\hp\AppData\Roaming\npm;C:\Users\hp\AppData\Local\GitHubDesktop\bin;C:\Program Files\MongoDB\Server\4.4\bin;C:\Users\hp\AppData\Local\Programs\Microsoft VS Code\bin;C:\Users\hp\Desktop\gradle-7.6.1;C:\Program Files\JetBrains\IntelliJ IDEA Community Edition 2024.2.4\bin;;D:\Software\gradle-8.11\bin;D:\Software\jdk-17.0.10\bin;
USERNAME=hp
OS=Windows_NT
PROCESSOR_IDENTIFIER=Intel64 Family 6 Model 142 Stepping 9, GenuineIntel



---------------  S Y S T E M  ---------------

OS:
 Windows 10 , 64 bit Build 19041 (10.0.19041.5198)
OS uptime: 39 days 6:18 hours

CPU: total 4 (initial active 4) (2 cores per cpu, 2 threads per core) family 6 model 142 stepping 9 microcode 0xb4, cx8, cmov, fxsr, ht, mmx, 3dnowpref, sse, sse2, sse3, ssse3, sse4.1, sse4.2, popcnt, lzcnt, tsc, tscinvbit, avx, avx2, aes, erms, clmul, bmi1, bmi2, adx, fma, vzeroupper, clflush, clflushopt

Memory: 4k page, system-wide physical 4007M (91M free)
TotalPageFile size 16295M (AvailPageFile size 25M)
current process WorkingSet (physical memory assigned to process): 10M, peak: 10M
current process commit charge ("private bytes"): 51M, peak: 115M

vm_info: Java HotSpot(TM) 64-Bit Server VM (17.0.10+11-LTS-240) for windows-amd64 JRE (17.0.10+11-LTS-240), built on Dec 19 2023 21:47:25 by "mach5one" with MS VC++ 17.1 (VS2022)

END.
